<?xml version="1.0" encoding="UTF-8"?>
<!-- Generated by org.testng.reporters.JUnitReportReporter -->
<testsuite hostname="DESKTOP-QVHQUEM" failures="0" tests="1" name="Global.ConnectPro.ValLogin" time="16.975" errors="0" timestamp="2020-11-17T16:16:37 IST" skipped="0">
  <testcase classname="Global.ConnectPro.ValLogin" name="VerifyLogin" time="16.975"/>
  <system-out/>
</testsuite> <!-- Global.ConnectPro.ValLogin -->
